11:22:00,284 INFO  ~ Connected to jdbc:mysql://localhost:3306/test
11:22:02,923 INFO  ~ Application 'gbiffrance-harvest' is now started !
11:22:38,371 INFO  ~ IPT Harvester is started. Dataset = ONEMA
11:22:38,375 INFO  ~ Connection to the URL http://ipt.gbif.org/archive.do?r=test
11:22:38,461 INFO  ~ Type File : application/zip;charset=ISO-8859-1
11:22:39,556 INFO  ~ Destination: C:\tmp\resource-1\test
11:22:39,556 INFO  ~ Archive successfully downloaded
11:22:39,557 INFO  ~ Extracting directory: eml.xml
11:22:39,560 INFO  ~ Extracting directory: meta.xml
11:22:39,562 INFO  ~ Extracting directory: occurrence.txt
11:22:40,265 INFO  ~ Extracting directory: image.txt
11:22:40,266 INFO  ~ Extracting directory: speciesstatus.txt
11:22:40,269 INFO  ~ Archive successfully extracted
11:22:40,274 DEBUG ~ Reading archive metadata file
11:22:40,400 DEBUG ~ Metafile contains a core file description
11:22:40,416 DEBUG ~ Metafile contains 2 described extension files
11:22:40,424 DEBUG ~ Sorting File[C:\tmp\resource-1\occurrence.txt]
11:22:46,788 DEBUG ~ File[C:\tmp\resource-1\occurrence.txt] sorted successfully using[1] parts to do sorting in secs[6]
11:22:46,788 DEBUG ~ Sorting File[C:\tmp\resource-1\speciesstatus.txt]
11:22:46,829 DEBUG ~ File[C:\tmp\resource-1\speciesstatus.txt] sorted successfully using[1] parts to do sorting in secs[0]
11:22:46,829 DEBUG ~ Sorting File[C:\tmp\resource-1\image.txt]
11:22:46,830 DEBUG ~ File[C:\tmp\resource-1\image.txt] sorted successfully using[0] parts to do sorting in secs[0]
11:23:05,077 INFO  ~ 10000 occurrences saved in database
11:23:20,397 INFO  ~ 20000 occurrences saved in database
11:23:34,737 INFO  ~ 30000 occurrences saved in database
11:23:49,489 INFO  ~ 40000 occurrences saved in database
11:24:03,910 INFO  ~ 50000 occurrences saved in database
11:24:18,263 INFO  ~ 60000 occurrences saved in database
11:24:32,936 INFO  ~ 70000 occurrences saved in database
11:24:47,948 INFO  ~ 80000 occurrences saved in database
11:25:02,652 INFO  ~ 90000 occurrences saved in database
11:25:15,784 INFO  ~ Occurrences successfully created
11:25:15,894 INFO  ~ Metadatas successfully created
11:25:16,032 WARN  ~ SQL Error: 1406, SQLState: 22001
11:25:16,032 ERROR ~ Data truncation: Data too long for column 'personnel' at row 1
11:25:16,138 ERROR ~ 

@6bdagclf4
Internal Server Error (500) for request GET /harvest/ipt/1/

Execution exception (In /app/controllers/Application.java around line 75)
PersistenceException occured : org.hibernate.exception.DataException: could not insert: [models.harvest.ipt.eml.Project]

play.exceptions.JavaExecutionException: org.hibernate.exception.DataException: could not insert: [models.harvest.ipt.eml.Project]
	at play.mvc.ActionInvoker.invoke(ActionInvoker.java:237)
	at Invocation.HTTP Request(Play!)
Caused by: javax.persistence.PersistenceException: org.hibernate.exception.DataException: could not insert: [models.harvest.ipt.eml.Project]
	at org.hibernate.ejb.AbstractEntityManagerImpl.convert(AbstractEntityManagerImpl.java:1389)
	at org.hibernate.ejb.AbstractEntityManagerImpl.convert(AbstractEntityManagerImpl.java:1317)
	at org.hibernate.ejb.AbstractEntityManagerImpl.convert(AbstractEntityManagerImpl.java:1323)
	at org.hibernate.ejb.AbstractEntityManagerImpl.flush(AbstractEntityManagerImpl.java:965)
	at play.db.jpa.JPABase._save(JPABase.java:41)
	at play.db.jpa.GenericModel.save(GenericModel.java:204)
	at controllers.Application$HarvestJob.doJob(Application.java:75)
	at controllers.Application.harvest(Application.java:97)
	at play.mvc.ActionInvoker.invokeWithContinuation(ActionInvoker.java:557)
	at play.mvc.ActionInvoker.invoke(ActionInvoker.java:508)
	at play.mvc.ActionInvoker.invokeControllerMethod(ActionInvoker.java:484)
	at play.mvc.ActionInvoker.invokeControllerMethod(ActionInvoker.java:479)
	at play.mvc.ActionInvoker.invoke(ActionInvoker.java:161)
	... 1 more
Caused by: org.hibernate.exception.DataException: could not insert: [models.harvest.ipt.eml.Project]
	at org.hibernate.exception.SQLStateConverter.convert(SQLStateConverter.java:102)
	at org.hibernate.exception.JDBCExceptionHelper.convert(JDBCExceptionHelper.java:66)
	at org.hibernate.id.insert.AbstractReturningDelegate.performInsert(AbstractReturningDelegate.java:63)
	at org.hibernate.persister.entity.AbstractEntityPersister.insert(AbstractEntityPersister.java:2346)
	at org.hibernate.persister.entity.AbstractEntityPersister.insert(AbstractEntityPersister.java:2853)
	at org.hibernate.action.EntityIdentityInsertAction.execute(EntityIdentityInsertAction.java:71)
	at org.hibernate.engine.ActionQueue.execute(ActionQueue.java:273)
	at org.hibernate.event.def.AbstractSaveEventListener.performSaveOrReplicate(AbstractSaveEventListener.java:320)
	at org.hibernate.event.def.AbstractSaveEventListener.performSave(AbstractSaveEventListener.java:203)
	at org.hibernate.event.def.AbstractSaveEventListener.saveWithGeneratedId(AbstractSaveEventListener.java:129)
	at org.hibernate.ejb.event.EJB3PersistEventListener.saveWithGeneratedId(EJB3PersistEventListener.java:69)
	at org.hibernate.event.def.DefaultPersistEventListener.entityIsTransient(DefaultPersistEventListener.java:201)
	at org.hibernate.event.def.DefaultPersistEventListener.onPersist(DefaultPersistEventListener.java:147)
	at org.hibernate.impl.SessionImpl.firePersistOnFlush(SessionImpl.java:834)
	at org.hibernate.impl.SessionImpl.persistOnFlush(SessionImpl.java:826)
	at org.hibernate.engine.CascadingAction$9.cascade(CascadingAction.java:357)
	at org.hibernate.engine.Cascade.cascadeToOne(Cascade.java:392)
	at org.hibernate.engine.Cascade.cascadeAssociation(Cascade.java:335)
	at org.hibernate.engine.Cascade.cascadeProperty(Cascade.java:204)
	at org.hibernate.engine.Cascade.cascade(Cascade.java:161)
	at org.hibernate.event.def.AbstractSaveEventListener.cascadeAfterSave(AbstractSaveEventListener.java:475)
	at org.hibernate.event.def.AbstractSaveEventListener.performSaveOrReplicate(AbstractSaveEventListener.java:353)
	at org.hibernate.event.def.AbstractSaveEventListener.performSave(AbstractSaveEventListener.java:203)
	at org.hibernate.event.def.AbstractSaveEventListener.saveWithGeneratedId(AbstractSaveEventListener.java:129)
	at org.hibernate.ejb.event.EJB3PersistEventListener.saveWithGeneratedId(EJB3PersistEventListener.java:69)
	at org.hibernate.event.def.DefaultPersistEventListener.entityIsTransient(DefaultPersistEventListener.java:201)
	at org.hibernate.event.def.DefaultPersistEventListener.onPersist(DefaultPersistEventListener.java:147)
	at org.hibernate.impl.SessionImpl.firePersistOnFlush(SessionImpl.java:834)
	at org.hibernate.impl.SessionImpl.persistOnFlush(SessionImpl.java:826)
	at org.hibernate.engine.CascadingAction$9.cascade(CascadingAction.java:357)
	at org.hibernate.engine.Cascade.cascadeToOne(Cascade.java:392)
	at org.hibernate.engine.Cascade.cascadeAssociation(Cascade.java:335)
	at org.hibernate.engine.Cascade.cascadeProperty(Cascade.java:204)
	at org.hibernate.engine.Cascade.cascade(Cascade.java:161)
	at org.hibernate.event.def.AbstractFlushingEventListener.cascadeOnFlush(AbstractFlushingEventListener.java:175)
	at org.hibernate.event.def.AbstractFlushingEventListener.prepareEntityFlushes(AbstractFlushingEventListener.java:166)
	at org.hibernate.event.def.AbstractFlushingEventListener.flushEverythingToExecutions(AbstractFlushingEventListener.java:88)
	at org.hibernate.event.def.DefaultFlushEventListener.onFlush(DefaultFlushEventListener.java:50)
	at org.hibernate.impl.SessionImpl.flush(SessionImpl.java:1216)
	at org.hibernate.ejb.AbstractEntityManagerImpl.flush(AbstractEntityManagerImpl.java:962)
	... 10 more
Caused by: com.mysql.jdbc.MysqlDataTruncation: Data truncation: Data too long for column 'personnel' at row 1
	at com.mysql.jdbc.MysqlIO.checkErrorPacket(MysqlIO.java:3560)
	at com.mysql.jdbc.MysqlIO.checkErrorPacket(MysqlIO.java:3494)
	at com.mysql.jdbc.MysqlIO.sendCommand(MysqlIO.java:1960)
	at com.mysql.jdbc.MysqlIO.sqlQueryDirect(MysqlIO.java:2114)
	at com.mysql.jdbc.ConnectionImpl.execSQL(ConnectionImpl.java:2696)
	at com.mysql.jdbc.PreparedStatement.executeInternal(PreparedStatement.java:2105)
	at com.mysql.jdbc.PreparedStatement.executeUpdate(PreparedStatement.java:2398)
	at com.mysql.jdbc.PreparedStatement.executeUpdate(PreparedStatement.java:2316)
	at com.mysql.jdbc.PreparedStatement.executeUpdate(PreparedStatement.java:2301)
	at org.hibernate.id.IdentityGenerator$GetGeneratedKeysDelegate.executeAndExtract(IdentityGenerator.java:93)
	at org.hibernate.id.insert.AbstractReturningDelegate.performInsert(AbstractReturningDelegate.java:56)
	... 47 more
11:29:57,202 INFO  ~ Starting C:\java\WorkspaceJEE\gbiffrance-harvest
11:29:57,207 INFO  ~ Module crud is available (C:\java\play-1.2.5\modules\crud)
11:29:57,212 INFO  ~ Module mongo is available (C:\java\WorkspaceJEE\gbiffrance-harvest\modules\mongo-1.3)
11:29:57,212 INFO  ~ Module secure is available (C:\java\play-1.2.5\modules\secure)
11:29:58,279 WARN  ~ You're running Play! in DEV mode
11:29:58,375 INFO  ~ Listening for HTTP on port 9000 (Waiting a first request to start) ...
11:30:07,498 INFO  ~ Connected to jdbc:mysql://localhost:3306/test
11:30:10,025 INFO  ~ Application 'gbiffrance-harvest' is now started !
11:30:27,410 INFO  ~ IPT Harvester is started. Dataset = ONEMA
11:30:27,414 INFO  ~ Connection to the URL http://ipt.gbif.org/archive.do?r=test
11:30:27,497 INFO  ~ Type File : application/zip;charset=ISO-8859-1
11:30:28,393 INFO  ~ Destination: C:\tmp\resource-1\test
11:30:28,393 INFO  ~ Archive successfully downloaded
11:30:28,395 INFO  ~ Extracting directory: eml.xml
11:30:28,397 INFO  ~ Extracting directory: meta.xml
11:30:28,399 INFO  ~ Extracting directory: occurrence.txt
11:30:29,173 INFO  ~ Extracting directory: image.txt
11:30:29,174 INFO  ~ Extracting directory: speciesstatus.txt
11:30:29,178 INFO  ~ Archive successfully extracted
11:30:29,214 DEBUG ~ Reading archive metadata file
11:30:29,329 DEBUG ~ Metafile contains a core file description
11:30:29,344 DEBUG ~ Metafile contains 2 described extension files
11:30:29,352 DEBUG ~ Sorting File[C:\tmp\resource-1\occurrence.txt]
11:30:35,627 DEBUG ~ File[C:\tmp\resource-1\occurrence.txt] sorted successfully using[1] parts to do sorting in secs[6]
11:30:35,627 DEBUG ~ Sorting File[C:\tmp\resource-1\image.txt]
11:30:35,658 DEBUG ~ File[C:\tmp\resource-1\image.txt] sorted successfully using[0] parts to do sorting in secs[0]
11:30:35,659 DEBUG ~ Sorting File[C:\tmp\resource-1\speciesstatus.txt]
11:30:35,733 DEBUG ~ File[C:\tmp\resource-1\speciesstatus.txt] sorted successfully using[1] parts to do sorting in secs[0]
11:30:53,942 INFO  ~ 10000 occurrences saved in database
11:31:09,094 INFO  ~ 20000 occurrences saved in database
11:31:23,504 INFO  ~ 30000 occurrences saved in database
11:31:38,125 INFO  ~ 40000 occurrences saved in database
11:31:52,658 INFO  ~ 50000 occurrences saved in database
11:32:07,418 INFO  ~ 60000 occurrences saved in database
11:32:21,909 INFO  ~ 70000 occurrences saved in database
11:32:36,207 INFO  ~ 80000 occurrences saved in database
11:32:50,978 INFO  ~ 90000 occurrences saved in database
11:33:03,721 INFO  ~ Occurrences successfully created
11:33:03,823 INFO  ~ Metadatas successfully created
11:33:03,955 WARN  ~ fail-safe cleanup (collections) : org.hibernate.engine.loading.CollectionLoadContext@42dd3846<rs=com.mchange.v2.c3p0.impl.NewProxyResultSet@e14256b>
11:33:03,955 WARN  ~ On CollectionLoadContext#cleanup, localLoadingCollectionKeys contained [1] entries
11:33:04,054 ERROR ~ 

@6bdahdel0
Internal Server Error (500) for request GET /

Template execution error (In /app/views/Application/index.html around line 16)
Execution error occured in template /app/views/Application/index.html. Exception raised was HibernateException : More than one row with the given identifier was found: 1, for class: models.harvest.ipt.eml.Citation.

play.exceptions.TemplateExecutionException: More than one row with the given identifier was found: 1, for class: models.harvest.ipt.eml.Citation
	at play.templates.BaseTemplate.throwException(BaseTemplate.java:86)
	at play.templates.GroovyTemplate.internalRender(GroovyTemplate.java:272)
	at play.templates.Template.render(Template.java:26)
	at play.templates.GroovyTemplate.render(GroovyTemplate.java:202)
	at play.mvc.results.RenderTemplate.<init>(RenderTemplate.java:24)
	at play.mvc.Controller.renderTemplate(Controller.java:661)
	at play.mvc.Controller.renderTemplate(Controller.java:641)
	at play.mvc.Controller.render(Controller.java:696)
	at controllers.Application.index(Application.java:89)
	at play.mvc.ActionInvoker.invokeWithContinuation(ActionInvoker.java:557)
	at play.mvc.ActionInvoker.invoke(ActionInvoker.java:508)
	at play.mvc.ActionInvoker.invokeControllerMethod(ActionInvoker.java:484)
	at play.mvc.ActionInvoker.invokeControllerMethod(ActionInvoker.java:479)
	at play.mvc.ActionInvoker.invoke(ActionInvoker.java:161)
	at Invocation.HTTP Request(Play!)
Caused by: org.hibernate.HibernateException: More than one row with the given identifier was found: 1, for class: models.harvest.ipt.eml.Citation
	at org.hibernate.loader.entity.AbstractEntityLoader.load(AbstractEntityLoader.java:108)
	at org.hibernate.loader.entity.EntityLoader.loadByUniqueKey(EntityLoader.java:159)
	at org.hibernate.persister.entity.AbstractEntityPersister.loadByUniqueKey(AbstractEntityPersister.java:1791)
	at org.hibernate.type.EntityType.loadByUniqueKey(EntityType.java:681)
	at org.hibernate.type.EntityType.resolve(EntityType.java:441)
	at org.hibernate.engine.TwoPhaseLoad.initializeEntity(TwoPhaseLoad.java:139)
	at org.hibernate.loader.Loader.initializeEntitiesAndCollections(Loader.java:982)
	at org.hibernate.loader.Loader.doQuery(Loader.java:857)
	at org.hibernate.loader.Loader.doQueryAndInitializeNonLazyCollections(Loader.java:274)
	at org.hibernate.loader.Loader.loadCollection(Loader.java:2166)
	at org.hibernate.loader.collection.CollectionLoader.initialize(CollectionLoader.java:62)
	at org.hibernate.persister.collection.AbstractCollectionPersister.initialize(AbstractCollectionPersister.java:627)
	at org.hibernate.event.def.DefaultInitializeCollectionEventListener.onInitializeCollection(DefaultInitializeCollectionEventListener.java:83)
	at org.hibernate.impl.SessionImpl.initializeCollection(SessionImpl.java:1863)
	at org.hibernate.collection.AbstractPersistentCollection.initialize(AbstractPersistentCollection.java:369)
	at org.hibernate.collection.AbstractPersistentCollection.read(AbstractPersistentCollection.java:111)
	at org.hibernate.collection.AbstractPersistentCollection.readSize(AbstractPersistentCollection.java:134)
	at org.hibernate.collection.PersistentBag.isEmpty(PersistentBag.java:255)
	at play.templates.GroovyTemplate.internalRender(GroovyTemplate.java:247)
	... 13 more
11:40:16,506 INFO  ~ Starting C:\java\WorkspaceJEE\gbiffrance-harvest
11:40:16,511 INFO  ~ Module crud is available (C:\java\play-1.2.5\modules\crud)
11:40:16,513 INFO  ~ Module mongo is available (C:\java\WorkspaceJEE\gbiffrance-harvest\modules\mongo-1.3)
11:40:16,514 INFO  ~ Module secure is available (C:\java\play-1.2.5\modules\secure)
11:40:17,612 WARN  ~ You're running Play! in DEV mode
11:40:17,720 INFO  ~ Listening for HTTP on port 9000 (Waiting a first request to start) ...
11:40:25,788 INFO  ~ Connected to jdbc:mysql://localhost:3306/test
11:40:28,581 INFO  ~ Application 'gbiffrance-harvest' is now started !
11:40:53,812 INFO  ~ IPT Harvester is started. Dataset = ONEMA
11:40:53,816 INFO  ~ Connection to the URL http://ipt.gbif.org/archive.do?r=test
11:40:53,896 INFO  ~ Type File : application/zip;charset=ISO-8859-1
11:40:54,985 INFO  ~ Destination: C:\tmp\resource-1\test
11:40:54,985 INFO  ~ Archive successfully downloaded
11:40:54,988 INFO  ~ Extracting directory: eml.xml
11:40:54,991 INFO  ~ Extracting directory: meta.xml
11:40:54,993 INFO  ~ Extracting directory: occurrence.txt
11:40:55,672 INFO  ~ Extracting directory: image.txt
11:40:55,673 INFO  ~ Extracting directory: speciesstatus.txt
11:40:55,675 INFO  ~ Archive successfully extracted
11:40:55,680 DEBUG ~ Reading archive metadata file
11:40:55,846 DEBUG ~ Metafile contains a core file description
11:40:55,864 DEBUG ~ Metafile contains 2 described extension files
11:40:55,874 DEBUG ~ Sorting File[C:\tmp\resource-1\occurrence.txt]
11:41:02,765 DEBUG ~ File[C:\tmp\resource-1\occurrence.txt] sorted successfully using[1] parts to do sorting in secs[6]
11:41:02,765 DEBUG ~ Sorting File[C:\tmp\resource-1\speciesstatus.txt]
11:41:02,805 DEBUG ~ File[C:\tmp\resource-1\speciesstatus.txt] sorted successfully using[1] parts to do sorting in secs[0]
11:41:02,805 DEBUG ~ Sorting File[C:\tmp\resource-1\image.txt]
11:41:02,806 DEBUG ~ File[C:\tmp\resource-1\image.txt] sorted successfully using[0] parts to do sorting in secs[0]
11:41:20,645 INFO  ~ 10000 occurrences saved in database
11:41:36,083 INFO  ~ 20000 occurrences saved in database
11:41:50,029 INFO  ~ 30000 occurrences saved in database
11:42:04,622 INFO  ~ 40000 occurrences saved in database
11:42:18,495 INFO  ~ 50000 occurrences saved in database
11:42:32,568 INFO  ~ 60000 occurrences saved in database
11:42:47,189 INFO  ~ 70000 occurrences saved in database
11:43:02,269 INFO  ~ 80000 occurrences saved in database
11:43:17,216 INFO  ~ 90000 occurrences saved in database
11:43:29,043 INFO  ~ Occurrences successfully created
11:43:29,140 INFO  ~ Metadatas successfully created
11:44:44,872 INFO  ~ IPT Harvester is started. Dataset = echinodermes
11:44:44,873 INFO  ~ Connection to the URL http://inpn.mnhn.fr/archives_dwc/in/dwca-lagplon_echinodermes.zip
11:44:44,894 INFO  ~ Type File : application/zip
11:44:44,896 INFO  ~ Harvest with error, process to a data cleaning from null
11:45:18,345 ERROR ~ 

@6bdain56b
Internal Server Error (500) for request GET /delete/2/occurrences

Execution exception (In /app/controllers/Application.java around line 117)
NullPointerException occured : null

play.exceptions.JavaExecutionException
	at play.mvc.ActionInvoker.invoke(ActionInvoker.java:237)
	at Invocation.HTTP Request(Play!)
Caused by: java.lang.NullPointerException
	at controllers.Application.deleteDatasetOccurrences(Application.java:117)
	at play.mvc.ActionInvoker.invokeWithContinuation(ActionInvoker.java:557)
	at play.mvc.ActionInvoker.invoke(ActionInvoker.java:508)
	at play.mvc.ActionInvoker.invokeControllerMethod(ActionInvoker.java:484)
	at play.mvc.ActionInvoker.invokeControllerMethod(ActionInvoker.java:479)
	at play.mvc.ActionInvoker.invoke(ActionInvoker.java:161)
	... 1 more
11:45:27,612 INFO  ~ Temp directory deleted
11:45:27,618 INFO  ~ Temp directory deleted
11:47:58,400 INFO  ~ IPT Harvester is started. Dataset = echinodermes
11:47:58,404 INFO  ~ Harvest with error, process to a data cleaning from null
11:48:03,719 INFO  ~ Temp directory deleted
11:49:20,712 INFO  ~ IPT Harvester is started. Dataset = echinodermes
11:49:20,713 INFO  ~ Connection to the URL http://trehan.free.fr/STOCK/tests/dwca-lagplon_echinodermes.zip
11:49:20,745 INFO  ~ Type File : application/zip
11:49:20,746 INFO  ~ Harvest with error, process to a data cleaning from null
11:49:37,370 INFO  ~ Temp directory deleted
11:52:33,756 INFO  ~ IPT Harvester is started. Dataset = echinodermes
11:52:33,756 INFO  ~ Connection to the URL http://inpn.mnhn.fr/archives_dwc/in/dwca-lagplon_echinodermes.zip
11:52:33,762 INFO  ~ Type File : application/zip
11:52:33,763 INFO  ~ Harvest with error, process to a data cleaning from null
11:58:29,714 INFO  ~ Starting C:\java\WorkspaceJEE\gbiffrance-harvest
11:58:29,718 INFO  ~ Module crud is available (C:\java\play-1.2.5\modules\crud)
11:58:29,723 INFO  ~ Module mongo is available (C:\java\WorkspaceJEE\gbiffrance-harvest\modules\mongo-1.3)
11:58:29,724 INFO  ~ Module secure is available (C:\java\play-1.2.5\modules\secure)
11:58:30,821 WARN  ~ You're running Play! in DEV mode
11:58:30,922 INFO  ~ Listening for HTTP on port 9000 (Waiting a first request to start) ...
11:58:38,058 INFO  ~ Connected to jdbc:mysql://localhost:3306/test
11:58:40,196 INFO  ~ Application 'gbiffrance-harvest' is now started !
11:58:45,330 INFO  ~ Temp directory deleted
11:59:07,801 INFO  ~ IPT Harvester is started. Dataset = echinodermes
11:59:07,805 INFO  ~ Connection to the URL http://inpn.mnhn.fr/archives_dwc/in/dwca-lagplon_echinodermes.zip
11:59:07,833 INFO  ~ Type File : application/zip
11:59:07,834 INFO  ~ Harvest with error, process to a data cleaning from null
11:59:36,514 INFO  ~ Temp directory deleted
12:00:21,610 INFO  ~ IPT Harvester is started. Dataset = echinodermes
12:00:21,611 INFO  ~ Connection to the URL http://inpn.mnhn.fr/archives_dwc/in/dwca-lagplon_echinodermes.zip
12:00:21,619 INFO  ~ Type File : application/zip
12:00:21,628 INFO  ~ Harvest with error, process to a data cleaning from null
12:00:36,525 ERROR ~ 

@6bdal61oa
Internal Server Error (500) for request GET /delete/7/occurrences

Execution exception (In /app/controllers/Application.java around line 117)
NullPointerException occured : null

play.exceptions.JavaExecutionException
	at play.mvc.ActionInvoker.invoke(ActionInvoker.java:237)
	at Invocation.HTTP Request(Play!)
Caused by: java.lang.NullPointerException
	at controllers.Application.deleteDatasetOccurrences(Application.java:117)
	at play.mvc.ActionInvoker.invokeWithContinuation(ActionInvoker.java:557)
	at play.mvc.ActionInvoker.invoke(ActionInvoker.java:508)
	at play.mvc.ActionInvoker.invokeControllerMethod(ActionInvoker.java:484)
	at play.mvc.ActionInvoker.invokeControllerMethod(ActionInvoker.java:479)
	at play.mvc.ActionInvoker.invoke(ActionInvoker.java:161)
	... 1 more
12:00:39,824 INFO  ~ Temp directory deleted
12:00:49,373 INFO  ~ IPT Harvester is started. Dataset = echinodermes
12:00:49,373 INFO  ~ Connection to the URL http://inpn.mnhn.fr/archives_dwc/in/dwca-lagplon_echinodermes.zip
12:00:49,383 INFO  ~ Type File : application/zip
12:00:49,384 INFO  ~ Harvest with error, process to a data cleaning from null
12:01:01,642 INFO  ~ Temp directory deleted
12:01:09,486 INFO  ~ IPT Harvester is started. Dataset = echinodermes
12:01:09,487 INFO  ~ Connection to the URL http://inpn.mnhn.fr/archives_dwc/in/dwca-lagplon_echinodermes.zip
12:01:09,569 INFO  ~ Type File : application/zip
12:01:09,570 INFO  ~ Harvest with error, process to a data cleaning from null
12:01:22,884 INFO  ~ Temp directory deleted
12:01:34,096 INFO  ~ IPT Harvester is started. Dataset = echinodermes
12:01:34,097 INFO  ~ Connection to the URL http://inpn.mnhn.fr/archives_dwc/in/dwca-lagplon_echinodermes.zip
12:01:34,104 INFO  ~ Type File : application/zip
12:01:34,105 INFO  ~ Harvest with error, process to a data cleaning from null
12:02:17,423 INFO  ~ Temp directory deleted
12:02:17,424 INFO  ~ Temp directory deleted
12:02:19,311 INFO  ~ IPT Harvester is started. Dataset = ONEMA
12:02:19,312 INFO  ~ Connection to the URL http://ipt.gbif.org/archive.do?r=test
12:02:19,385 INFO  ~ Type File : application/zip;charset=ISO-8859-1
12:02:20,858 INFO  ~ Destination: C:\tmp\resource-1\test
12:02:20,858 INFO  ~ Archive successfully downloaded
12:02:20,859 INFO  ~ Extracting directory: eml.xml
12:02:20,862 INFO  ~ Extracting directory: meta.xml
12:02:20,864 INFO  ~ Extracting directory: occurrence.txt
12:02:21,665 INFO  ~ Extracting directory: image.txt
12:02:21,669 INFO  ~ Extracting directory: speciesstatus.txt
12:02:21,672 INFO  ~ Archive successfully extracted
12:02:21,677 DEBUG ~ Reading archive metadata file
12:02:21,791 DEBUG ~ Metafile contains a core file description
12:02:21,805 DEBUG ~ Metafile contains 2 described extension files
12:02:21,813 DEBUG ~ Sorting File[C:\tmp\resource-1\occurrence.txt]
12:02:28,431 DEBUG ~ File[C:\tmp\resource-1\occurrence.txt] sorted successfully using[1] parts to do sorting in secs[6]
12:02:28,431 DEBUG ~ Sorting File[C:\tmp\resource-1\speciesstatus.txt]
12:02:28,462 DEBUG ~ File[C:\tmp\resource-1\speciesstatus.txt] sorted successfully using[1] parts to do sorting in secs[0]
12:02:28,462 DEBUG ~ Sorting File[C:\tmp\resource-1\image.txt]
12:02:28,520 DEBUG ~ File[C:\tmp\resource-1\image.txt] sorted successfully using[0] parts to do sorting in secs[0]
12:02:46,043 INFO  ~ 10000 occurrences saved in database
12:03:01,600 INFO  ~ 20000 occurrences saved in database
12:03:15,825 INFO  ~ 30000 occurrences saved in database
12:03:30,050 INFO  ~ 40000 occurrences saved in database
12:03:44,327 INFO  ~ 50000 occurrences saved in database
12:03:58,759 INFO  ~ 60000 occurrences saved in database
12:04:12,802 INFO  ~ 70000 occurrences saved in database
12:04:27,451 INFO  ~ 80000 occurrences saved in database
12:04:41,774 INFO  ~ 90000 occurrences saved in database
12:04:53,902 INFO  ~ Occurrences successfully created
12:04:53,988 INFO  ~ Metadatas successfully created
14:05:15,636 INFO  ~ Starting C:\java\WorkspaceJEE\gbiffrance-harvest
14:05:15,640 INFO  ~ Module crud is available (C:\java\play-1.2.5\modules\crud)
14:05:15,645 INFO  ~ Module mongo is available (C:\java\WorkspaceJEE\gbiffrance-harvest\modules\mongo-1.3)
14:05:15,646 INFO  ~ Module secure is available (C:\java\play-1.2.5\modules\secure)
14:05:16,679 WARN  ~ You're running Play! in DEV mode
14:05:16,790 INFO  ~ Listening for HTTP on port 9000 (Waiting a first request to start) ...
14:05:26,500 INFO  ~ Connected to jdbc:mysql://localhost:3306/test
14:05:28,563 INFO  ~ Application 'gbiffrance-harvest' is now started !
14:05:58,080 INFO  ~ Temp directory deleted
14:06:11,868 INFO  ~ IPT Harvester is started. Dataset = echinodermes
14:06:11,872 INFO  ~ Connection to the URL http://inpn.mnhn.fr/archives_dwc/in/dwca-lagplon_echinodermes.zip
14:06:11,894 INFO  ~ Type File : application/zip
14:06:11,900 INFO  ~ Destination: C:\tmp\resource-11\dwca-lagplon_echinodermes.zip
14:06:11,900 INFO  ~ Archive successfully downloaded
14:06:11,901 INFO  ~ Extracting directory: eml.xml
14:06:11,906 INFO  ~ Extracting directory: occurrence.txt
14:06:11,912 INFO  ~ Extracting directory: meta.xml
14:06:11,914 INFO  ~ Archive successfully extracted
14:06:11,921 DEBUG ~ Reading archive metadata file
14:06:12,121 DEBUG ~ Metafile contains a core file description
14:06:12,136 DEBUG ~ Metafile contains 0 described extension files
14:06:12,785 INFO  ~ Occurrences successfully created
14:06:12,836 INFO  ~ Metadatas successfully created
14:06:12,850 WARN  ~ SQL Error: 1406, SQLState: 22001
14:06:12,850 ERROR ~ Data truncation: Data too long for column 'purpose' at row 1
14:06:12,964 ERROR ~ 

@6bdbbmno0
Internal Server Error (500) for request GET /harvest/ipt/11/

Execution exception (In /app/controllers/Application.java around line 75)
PersistenceException occured : org.hibernate.exception.DataException: could not insert: [models.harvest.ipt.eml.EmlData]

play.exceptions.JavaExecutionException: org.hibernate.exception.DataException: could not insert: [models.harvest.ipt.eml.EmlData]
	at play.mvc.ActionInvoker.invoke(ActionInvoker.java:237)
	at Invocation.HTTP Request(Play!)
Caused by: javax.persistence.PersistenceException: org.hibernate.exception.DataException: could not insert: [models.harvest.ipt.eml.EmlData]
	at org.hibernate.ejb.AbstractEntityManagerImpl.convert(AbstractEntityManagerImpl.java:1389)
	at org.hibernate.ejb.AbstractEntityManagerImpl.convert(AbstractEntityManagerImpl.java:1317)
	at org.hibernate.ejb.AbstractEntityManagerImpl.convert(AbstractEntityManagerImpl.java:1323)
	at org.hibernate.ejb.AbstractEntityManagerImpl.flush(AbstractEntityManagerImpl.java:965)
	at play.db.jpa.JPABase._save(JPABase.java:41)
	at play.db.jpa.GenericModel.save(GenericModel.java:204)
	at controllers.Application$HarvestJob.doJob(Application.java:75)
	at controllers.Application.harvest(Application.java:97)
	at play.mvc.ActionInvoker.invokeWithContinuation(ActionInvoker.java:557)
	at play.mvc.ActionInvoker.invoke(ActionInvoker.java:508)
	at play.mvc.ActionInvoker.invokeControllerMethod(ActionInvoker.java:484)
	at play.mvc.ActionInvoker.invokeControllerMethod(ActionInvoker.java:479)
	at play.mvc.ActionInvoker.invoke(ActionInvoker.java:161)
	... 1 more
Caused by: org.hibernate.exception.DataException: could not insert: [models.harvest.ipt.eml.EmlData]
	at org.hibernate.exception.SQLStateConverter.convert(SQLStateConverter.java:102)
	at org.hibernate.exception.JDBCExceptionHelper.convert(JDBCExceptionHelper.java:66)
	at org.hibernate.id.insert.AbstractReturningDelegate.performInsert(AbstractReturningDelegate.java:63)
	at org.hibernate.persister.entity.AbstractEntityPersister.insert(AbstractEntityPersister.java:2346)
	at org.hibernate.persister.entity.AbstractEntityPersister.insert(AbstractEntityPersister.java:2853)
	at org.hibernate.action.EntityIdentityInsertAction.execute(EntityIdentityInsertAction.java:71)
	at org.hibernate.engine.ActionQueue.execute(ActionQueue.java:273)
	at org.hibernate.event.def.AbstractSaveEventListener.performSaveOrReplicate(AbstractSaveEventListener.java:320)
	at org.hibernate.event.def.AbstractSaveEventListener.performSave(AbstractSaveEventListener.java:203)
	at org.hibernate.event.def.AbstractSaveEventListener.saveWithGeneratedId(AbstractSaveEventListener.java:129)
	at org.hibernate.ejb.event.EJB3PersistEventListener.saveWithGeneratedId(EJB3PersistEventListener.java:69)
	at org.hibernate.event.def.DefaultPersistEventListener.entityIsTransient(DefaultPersistEventListener.java:201)
	at org.hibernate.event.def.DefaultPersistEventListener.onPersist(DefaultPersistEventListener.java:147)
	at org.hibernate.impl.SessionImpl.firePersistOnFlush(SessionImpl.java:834)
	at org.hibernate.impl.SessionImpl.persistOnFlush(SessionImpl.java:826)
	at org.hibernate.engine.CascadingAction$9.cascade(CascadingAction.java:357)
	at org.hibernate.engine.Cascade.cascadeToOne(Cascade.java:392)
	at org.hibernate.engine.Cascade.cascadeAssociation(Cascade.java:335)
	at org.hibernate.engine.Cascade.cascadeProperty(Cascade.java:204)
	at org.hibernate.engine.Cascade.cascade(Cascade.java:161)
	at org.hibernate.event.def.AbstractFlushingEventListener.cascadeOnFlush(AbstractFlushingEventListener.java:175)
	at org.hibernate.event.def.AbstractFlushingEventListener.prepareEntityFlushes(AbstractFlushingEventListener.java:166)
	at org.hibernate.event.def.AbstractFlushingEventListener.flushEverythingToExecutions(AbstractFlushingEventListener.java:88)
	at org.hibernate.event.def.DefaultFlushEventListener.onFlush(DefaultFlushEventListener.java:50)
	at org.hibernate.impl.SessionImpl.flush(SessionImpl.java:1216)
	at org.hibernate.ejb.AbstractEntityManagerImpl.flush(AbstractEntityManagerImpl.java:962)
	... 10 more
Caused by: com.mysql.jdbc.MysqlDataTruncation: Data truncation: Data too long for column 'purpose' at row 1
	at com.mysql.jdbc.MysqlIO.checkErrorPacket(MysqlIO.java:3560)
	at com.mysql.jdbc.MysqlIO.checkErrorPacket(MysqlIO.java:3494)
	at com.mysql.jdbc.MysqlIO.sendCommand(MysqlIO.java:1960)
	at com.mysql.jdbc.MysqlIO.sqlQueryDirect(MysqlIO.java:2114)
	at com.mysql.jdbc.ConnectionImpl.execSQL(ConnectionImpl.java:2696)
	at com.mysql.jdbc.PreparedStatement.executeInternal(PreparedStatement.java:2105)
	at com.mysql.jdbc.PreparedStatement.executeUpdate(PreparedStatement.java:2398)
	at com.mysql.jdbc.PreparedStatement.executeUpdate(PreparedStatement.java:2316)
	at com.mysql.jdbc.PreparedStatement.executeUpdate(PreparedStatement.java:2301)
	at org.hibernate.id.IdentityGenerator$GetGeneratedKeysDelegate.executeAndExtract(IdentityGenerator.java:93)
	at org.hibernate.id.insert.AbstractReturningDelegate.performInsert(AbstractReturningDelegate.java:56)
	... 33 more
14:10:07,078 INFO  ~ Starting C:\java\WorkspaceJEE\gbiffrance-harvest
14:10:07,084 INFO  ~ Module crud is available (C:\java\play-1.2.5\modules\crud)
14:10:07,085 INFO  ~ Module mongo is available (C:\java\WorkspaceJEE\gbiffrance-harvest\modules\mongo-1.3)
14:10:07,085 INFO  ~ Module secure is available (C:\java\play-1.2.5\modules\secure)
14:10:07,966 WARN  ~ You're running Play! in DEV mode
14:10:08,076 INFO  ~ Listening for HTTP on port 9000 (Waiting a first request to start) ...
14:11:01,985 INFO  ~ Connected to jdbc:mysql://localhost:3306/test
14:11:03,986 INFO  ~ Application 'gbiffrance-harvest' is now started !
14:11:08,302 INFO  ~ IPT Harvester is started. Dataset = echinodermes
14:11:08,306 INFO  ~ Connection to the URL http://inpn.mnhn.fr/archives_dwc/in/dwca-lagplon_echinodermes.zip
14:11:08,334 INFO  ~ Type File : application/zip
14:11:08,342 INFO  ~ Destination: C:\tmp\resource-11\dwca-lagplon_echinodermes.zip
14:11:08,342 INFO  ~ Archive successfully downloaded
14:11:08,343 INFO  ~ Extracting directory: eml.xml
14:11:08,346 INFO  ~ Extracting directory: occurrence.txt
14:11:08,350 INFO  ~ Extracting directory: meta.xml
14:11:08,352 INFO  ~ Archive successfully extracted
14:11:08,357 DEBUG ~ Reading archive metadata file
14:11:08,476 DEBUG ~ Metafile contains a core file description
14:11:08,491 DEBUG ~ Metafile contains 0 described extension files
14:11:09,194 INFO  ~ Occurrences successfully created
14:11:09,238 INFO  ~ Metadatas successfully created
14:11:09,270 WARN  ~ SQL Error: 1406, SQLState: 22001
14:11:09,270 ERROR ~ Data truncation: Data too long for column 'purpose' at row 1
14:11:09,388 ERROR ~ 

@6bdbcg04i
Internal Server Error (500) for request GET /harvest/ipt/11/

Execution exception (In /app/controllers/Application.java around line 75)
PersistenceException occured : org.hibernate.exception.DataException: could not insert: [models.harvest.ipt.eml.EmlData]

play.exceptions.JavaExecutionException: org.hibernate.exception.DataException: could not insert: [models.harvest.ipt.eml.EmlData]
	at play.mvc.ActionInvoker.invoke(ActionInvoker.java:237)
	at Invocation.HTTP Request(Play!)
Caused by: javax.persistence.PersistenceException: org.hibernate.exception.DataException: could not insert: [models.harvest.ipt.eml.EmlData]
	at org.hibernate.ejb.AbstractEntityManagerImpl.convert(AbstractEntityManagerImpl.java:1389)
	at org.hibernate.ejb.AbstractEntityManagerImpl.convert(AbstractEntityManagerImpl.java:1317)
	at org.hibernate.ejb.AbstractEntityManagerImpl.convert(AbstractEntityManagerImpl.java:1323)
	at org.hibernate.ejb.AbstractEntityManagerImpl.flush(AbstractEntityManagerImpl.java:965)
	at play.db.jpa.JPABase._save(JPABase.java:41)
	at play.db.jpa.GenericModel.save(GenericModel.java:204)
	at controllers.Application$HarvestJob.doJob(Application.java:75)
	at controllers.Application.harvest(Application.java:97)
	at play.mvc.ActionInvoker.invokeWithContinuation(ActionInvoker.java:557)
	at play.mvc.ActionInvoker.invoke(ActionInvoker.java:508)
	at play.mvc.ActionInvoker.invokeControllerMethod(ActionInvoker.java:484)
	at play.mvc.ActionInvoker.invokeControllerMethod(ActionInvoker.java:479)
	at play.mvc.ActionInvoker.invoke(ActionInvoker.java:161)
	... 1 more
Caused by: org.hibernate.exception.DataException: could not insert: [models.harvest.ipt.eml.EmlData]
	at org.hibernate.exception.SQLStateConverter.convert(SQLStateConverter.java:102)
	at org.hibernate.exception.JDBCExceptionHelper.convert(JDBCExceptionHelper.java:66)
	at org.hibernate.id.insert.AbstractReturningDelegate.performInsert(AbstractReturningDelegate.java:63)
	at org.hibernate.persister.entity.AbstractEntityPersister.insert(AbstractEntityPersister.java:2346)
	at org.hibernate.persister.entity.AbstractEntityPersister.insert(AbstractEntityPersister.java:2853)
	at org.hibernate.action.EntityIdentityInsertAction.execute(EntityIdentityInsertAction.java:71)
	at org.hibernate.engine.ActionQueue.execute(ActionQueue.java:273)
	at org.hibernate.event.def.AbstractSaveEventListener.performSaveOrReplicate(AbstractSaveEventListener.java:320)
	at org.hibernate.event.def.AbstractSaveEventListener.performSave(AbstractSaveEventListener.java:203)
	at org.hibernate.event.def.AbstractSaveEventListener.saveWithGeneratedId(AbstractSaveEventListener.java:129)
	at org.hibernate.ejb.event.EJB3PersistEventListener.saveWithGeneratedId(EJB3PersistEventListener.java:69)
	at org.hibernate.event.def.DefaultPersistEventListener.entityIsTransient(DefaultPersistEventListener.java:201)
	at org.hibernate.event.def.DefaultPersistEventListener.onPersist(DefaultPersistEventListener.java:147)
	at org.hibernate.impl.SessionImpl.firePersistOnFlush(SessionImpl.java:834)
	at org.hibernate.impl.SessionImpl.persistOnFlush(SessionImpl.java:826)
	at org.hibernate.engine.CascadingAction$9.cascade(CascadingAction.java:357)
	at org.hibernate.engine.Cascade.cascadeToOne(Cascade.java:392)
	at org.hibernate.engine.Cascade.cascadeAssociation(Cascade.java:335)
	at org.hibernate.engine.Cascade.cascadeProperty(Cascade.java:204)
	at org.hibernate.engine.Cascade.cascade(Cascade.java:161)
	at org.hibernate.event.def.AbstractFlushingEventListener.cascadeOnFlush(AbstractFlushingEventListener.java:175)
	at org.hibernate.event.def.AbstractFlushingEventListener.prepareEntityFlushes(AbstractFlushingEventListener.java:166)
	at org.hibernate.event.def.AbstractFlushingEventListener.flushEverythingToExecutions(AbstractFlushingEventListener.java:88)
	at org.hibernate.event.def.DefaultFlushEventListener.onFlush(DefaultFlushEventListener.java:50)
	at org.hibernate.impl.SessionImpl.flush(SessionImpl.java:1216)
	at org.hibernate.ejb.AbstractEntityManagerImpl.flush(AbstractEntityManagerImpl.java:962)
	... 10 more
Caused by: com.mysql.jdbc.MysqlDataTruncation: Data truncation: Data too long for column 'purpose' at row 1
	at com.mysql.jdbc.MysqlIO.checkErrorPacket(MysqlIO.java:3560)
	at com.mysql.jdbc.MysqlIO.checkErrorPacket(MysqlIO.java:3494)
	at com.mysql.jdbc.MysqlIO.sendCommand(MysqlIO.java:1960)
	at com.mysql.jdbc.MysqlIO.sqlQueryDirect(MysqlIO.java:2114)
	at com.mysql.jdbc.ConnectionImpl.execSQL(ConnectionImpl.java:2696)
	at com.mysql.jdbc.PreparedStatement.executeInternal(PreparedStatement.java:2105)
	at com.mysql.jdbc.PreparedStatement.executeUpdate(PreparedStatement.java:2398)
	at com.mysql.jdbc.PreparedStatement.executeUpdate(PreparedStatement.java:2316)
	at com.mysql.jdbc.PreparedStatement.executeUpdate(PreparedStatement.java:2301)
	at org.hibernate.id.IdentityGenerator$GetGeneratedKeysDelegate.executeAndExtract(IdentityGenerator.java:93)
	at org.hibernate.id.insert.AbstractReturningDelegate.performInsert(AbstractReturningDelegate.java:56)
	... 33 more
14:11:24,546 INFO  ~ No temp directory, do nothing
14:14:10,220 WARN  ~ SQL Error: 1146, SQLState: 42S02
14:14:10,220 ERROR ~ Table 'test.datapublisher' doesn't exist
14:14:10,238 ERROR ~ 

@6bdbcg057
Internal Server Error (500) for request GET /

Execution exception (In /app/controllers/Application.java around line 87)
JPAQueryException occured : Error while executing query from models.DataPublisher: Table 'test.datapublisher' doesn't exist

play.exceptions.JavaExecutionException: Error while executing query <strong>from models.DataPublisher</strong>: Table 'test.datapublisher' doesn't exist
	at play.mvc.ActionInvoker.invoke(ActionInvoker.java:237)
	at Invocation.HTTP Request(Play!)
Caused by: play.db.jpa.JPABase$JPAQueryException: Error while executing query <strong>from models.DataPublisher</strong>: Table 'test.datapublisher' doesn't exist
	at play.db.jpa.GenericModel$JPAQuery.fetch(GenericModel.java:380)
	at controllers.Application.index(Application.java:87)
	at play.mvc.ActionInvoker.invokeWithContinuation(ActionInvoker.java:557)
	at play.mvc.ActionInvoker.invoke(ActionInvoker.java:508)
	at play.mvc.ActionInvoker.invokeControllerMethod(ActionInvoker.java:484)
	at play.mvc.ActionInvoker.invokeControllerMethod(ActionInvoker.java:479)
	at play.mvc.ActionInvoker.invoke(ActionInvoker.java:161)
	... 1 more
Caused by: com.mysql.jdbc.exceptions.jdbc4.MySQLSyntaxErrorException: Table 'test.datapublisher' doesn't exist
	at com.mysql.jdbc.Util.handleNewInstance(Util.java:409)
	at com.mysql.jdbc.Util.getInstance(Util.java:384)
	at com.mysql.jdbc.SQLError.createSQLException(SQLError.java:1054)
	at com.mysql.jdbc.MysqlIO.checkErrorPacket(MysqlIO.java:3562)
	at com.mysql.jdbc.MysqlIO.checkErrorPacket(MysqlIO.java:3494)
	at com.mysql.jdbc.MysqlIO.sendCommand(MysqlIO.java:1960)
	at com.mysql.jdbc.MysqlIO.sqlQueryDirect(MysqlIO.java:2114)
	at com.mysql.jdbc.ConnectionImpl.execSQL(ConnectionImpl.java:2696)
	at com.mysql.jdbc.PreparedStatement.executeInternal(PreparedStatement.java:2105)
	at com.mysql.jdbc.PreparedStatement.executeQuery(PreparedStatement.java:2264)
	at org.hibernate.jdbc.AbstractBatcher.getResultSet(AbstractBatcher.java:208)
	at org.hibernate.loader.Loader.getResultSet(Loader.java:1953)
	at org.hibernate.loader.Loader.doQuery(Loader.java:802)
	at org.hibernate.loader.Loader.doQueryAndInitializeNonLazyCollections(Loader.java:274)
	at org.hibernate.loader.Loader.doList(Loader.java:2542)
	at org.hibernate.loader.Loader.listIgnoreQueryCache(Loader.java:2276)
	at org.hibernate.loader.Loader.list(Loader.java:2271)
	at org.hibernate.loader.hql.QueryLoader.list(QueryLoader.java:459)
	at org.hibernate.hql.ast.QueryTranslatorImpl.list(QueryTranslatorImpl.java:365)
	at org.hibernate.engine.query.HQLQueryPlan.performList(HQLQueryPlan.java:196)
	at org.hibernate.impl.SessionImpl.list(SessionImpl.java:1268)
	at org.hibernate.impl.QueryImpl.list(QueryImpl.java:102)
	at org.hibernate.ejb.QueryImpl.getResultList(QueryImpl.java:246)
	at play.db.jpa.GenericModel$JPAQuery.fetch(GenericModel.java:378)
	... 7 more
14:14:12,127 WARN  ~ SQL Error: 1146, SQLState: 42S02
14:14:12,127 ERROR ~ Table 'test.datapublisher' doesn't exist
14:14:12,142 ERROR ~ 

@6bdbcg058
Internal Server Error (500) for request GET /

Execution exception (In /app/controllers/Application.java around line 87)
JPAQueryException occured : Error while executing query from models.DataPublisher: Table 'test.datapublisher' doesn't exist

play.exceptions.JavaExecutionException: Error while executing query <strong>from models.DataPublisher</strong>: Table 'test.datapublisher' doesn't exist
	at play.mvc.ActionInvoker.invoke(ActionInvoker.java:237)
	at Invocation.HTTP Request(Play!)
Caused by: play.db.jpa.JPABase$JPAQueryException: Error while executing query <strong>from models.DataPublisher</strong>: Table 'test.datapublisher' doesn't exist
	at play.db.jpa.GenericModel$JPAQuery.fetch(GenericModel.java:380)
	at controllers.Application.index(Application.java:87)
	at play.mvc.ActionInvoker.invokeWithContinuation(ActionInvoker.java:557)
	at play.mvc.ActionInvoker.invoke(ActionInvoker.java:508)
	at play.mvc.ActionInvoker.invokeControllerMethod(ActionInvoker.java:484)
	at play.mvc.ActionInvoker.invokeControllerMethod(ActionInvoker.java:479)
	at play.mvc.ActionInvoker.invoke(ActionInvoker.java:161)
	... 1 more
Caused by: com.mysql.jdbc.exceptions.jdbc4.MySQLSyntaxErrorException: Table 'test.datapublisher' doesn't exist
	at com.mysql.jdbc.Util.handleNewInstance(Util.java:409)
	at com.mysql.jdbc.Util.getInstance(Util.java:384)
	at com.mysql.jdbc.SQLError.createSQLException(SQLError.java:1054)
	at com.mysql.jdbc.MysqlIO.checkErrorPacket(MysqlIO.java:3562)
	at com.mysql.jdbc.MysqlIO.checkErrorPacket(MysqlIO.java:3494)
	at com.mysql.jdbc.MysqlIO.sendCommand(MysqlIO.java:1960)
	at com.mysql.jdbc.MysqlIO.sqlQueryDirect(MysqlIO.java:2114)
	at com.mysql.jdbc.ConnectionImpl.execSQL(ConnectionImpl.java:2696)
	at com.mysql.jdbc.PreparedStatement.executeInternal(PreparedStatement.java:2105)
	at com.mysql.jdbc.PreparedStatement.executeQuery(PreparedStatement.java:2264)
	at org.hibernate.jdbc.AbstractBatcher.getResultSet(AbstractBatcher.java:208)
	at org.hibernate.loader.Loader.getResultSet(Loader.java:1953)
	at org.hibernate.loader.Loader.doQuery(Loader.java:802)
	at org.hibernate.loader.Loader.doQueryAndInitializeNonLazyCollections(Loader.java:274)
	at org.hibernate.loader.Loader.doList(Loader.java:2542)
	at org.hibernate.loader.Loader.listIgnoreQueryCache(Loader.java:2276)
	at org.hibernate.loader.Loader.list(Loader.java:2271)
	at org.hibernate.loader.hql.QueryLoader.list(QueryLoader.java:459)
	at org.hibernate.hql.ast.QueryTranslatorImpl.list(QueryTranslatorImpl.java:365)
	at org.hibernate.engine.query.HQLQueryPlan.performList(HQLQueryPlan.java:196)
	at org.hibernate.impl.SessionImpl.list(SessionImpl.java:1268)
	at org.hibernate.impl.QueryImpl.list(QueryImpl.java:102)
	at org.hibernate.ejb.QueryImpl.getResultList(QueryImpl.java:246)
	at play.db.jpa.GenericModel$JPAQuery.fetch(GenericModel.java:378)
	... 7 more
14:14:12,725 WARN  ~ SQL Error: 1146, SQLState: 42S02
14:14:12,725 ERROR ~ Table 'test.datapublisher' doesn't exist
14:14:12,748 ERROR ~ 

@6bdbcg059
Internal Server Error (500) for request GET /

Execution exception (In /app/controllers/Application.java around line 87)
JPAQueryException occured : Error while executing query from models.DataPublisher: Table 'test.datapublisher' doesn't exist

play.exceptions.JavaExecutionException: Error while executing query <strong>from models.DataPublisher</strong>: Table 'test.datapublisher' doesn't exist
	at play.mvc.ActionInvoker.invoke(ActionInvoker.java:237)
	at Invocation.HTTP Request(Play!)
Caused by: play.db.jpa.JPABase$JPAQueryException: Error while executing query <strong>from models.DataPublisher</strong>: Table 'test.datapublisher' doesn't exist
	at play.db.jpa.GenericModel$JPAQuery.fetch(GenericModel.java:380)
	at controllers.Application.index(Application.java:87)
	at play.mvc.ActionInvoker.invokeWithContinuation(ActionInvoker.java:557)
	at play.mvc.ActionInvoker.invoke(ActionInvoker.java:508)
	at play.mvc.ActionInvoker.invokeControllerMethod(ActionInvoker.java:484)
	at play.mvc.ActionInvoker.invokeControllerMethod(ActionInvoker.java:479)
	at play.mvc.ActionInvoker.invoke(ActionInvoker.java:161)
	... 1 more
Caused by: com.mysql.jdbc.exceptions.jdbc4.MySQLSyntaxErrorException: Table 'test.datapublisher' doesn't exist
	at com.mysql.jdbc.Util.handleNewInstance(Util.java:409)
	at com.mysql.jdbc.Util.getInstance(Util.java:384)
	at com.mysql.jdbc.SQLError.createSQLException(SQLError.java:1054)
	at com.mysql.jdbc.MysqlIO.checkErrorPacket(MysqlIO.java:3562)
	at com.mysql.jdbc.MysqlIO.checkErrorPacket(MysqlIO.java:3494)
	at com.mysql.jdbc.MysqlIO.sendCommand(MysqlIO.java:1960)
	at com.mysql.jdbc.MysqlIO.sqlQueryDirect(MysqlIO.java:2114)
	at com.mysql.jdbc.ConnectionImpl.execSQL(ConnectionImpl.java:2696)
	at com.mysql.jdbc.PreparedStatement.executeInternal(PreparedStatement.java:2105)
	at com.mysql.jdbc.PreparedStatement.executeQuery(PreparedStatement.java:2264)
	at org.hibernate.jdbc.AbstractBatcher.getResultSet(AbstractBatcher.java:208)
	at org.hibernate.loader.Loader.getResultSet(Loader.java:1953)
	at org.hibernate.loader.Loader.doQuery(Loader.java:802)
	at org.hibernate.loader.Loader.doQueryAndInitializeNonLazyCollections(Loader.java:274)
	at org.hibernate.loader.Loader.doList(Loader.java:2542)
	at org.hibernate.loader.Loader.listIgnoreQueryCache(Loader.java:2276)
	at org.hibernate.loader.Loader.list(Loader.java:2271)
	at org.hibernate.loader.hql.QueryLoader.list(QueryLoader.java:459)
	at org.hibernate.hql.ast.QueryTranslatorImpl.list(QueryTranslatorImpl.java:365)
	at org.hibernate.engine.query.HQLQueryPlan.performList(HQLQueryPlan.java:196)
	at org.hibernate.impl.SessionImpl.list(SessionImpl.java:1268)
	at org.hibernate.impl.QueryImpl.list(QueryImpl.java:102)
	at org.hibernate.ejb.QueryImpl.getResultList(QueryImpl.java:246)
	at play.db.jpa.GenericModel$JPAQuery.fetch(GenericModel.java:378)
	... 7 more
14:16:42,014 INFO  ~ Starting C:\java\WorkspaceJEE\gbiffrance-harvest
14:16:42,019 INFO  ~ Module crud is available (C:\java\play-1.2.5\modules\crud)
14:16:42,019 INFO  ~ Module mongo is available (C:\java\WorkspaceJEE\gbiffrance-harvest\modules\mongo-1.3)
14:16:42,020 INFO  ~ Module secure is available (C:\java\play-1.2.5\modules\secure)
14:16:42,841 WARN  ~ You're running Play! in DEV mode
14:16:42,957 INFO  ~ Listening for HTTP on port 9000 (Waiting a first request to start) ...
14:16:48,613 INFO  ~ Connected to jdbc:mysql://localhost:3306/test
14:16:51,148 INFO  ~ Application 'gbiffrance-harvest' is now started !
14:17:50,304 INFO  ~ IPT Harvester is started. Dataset = echinodermes
14:17:50,308 INFO  ~ Connection to the URL http://inpn.mnhn.fr/archives_dwc/in/dwca-lagplon_echinodermes.zip
14:17:50,325 INFO  ~ Type File : application/zip
14:17:50,331 INFO  ~ Destination: C:\tmp\resource-1\dwca-lagplon_echinodermes.zip
14:17:50,331 INFO  ~ Archive successfully downloaded
14:17:50,332 INFO  ~ Extracting directory: eml.xml
14:17:50,335 INFO  ~ Extracting directory: occurrence.txt
14:17:50,339 INFO  ~ Extracting directory: meta.xml
14:17:50,341 INFO  ~ Archive successfully extracted
14:17:50,346 DEBUG ~ Reading archive metadata file
14:17:50,477 DEBUG ~ Metafile contains a core file description
14:17:50,494 DEBUG ~ Metafile contains 0 described extension files
14:17:51,200 INFO  ~ Occurrences successfully created
14:17:51,244 INFO  ~ Metadatas successfully created
14:27:54,788 INFO  ~ IPT Harvester is started. Dataset = hrthr
14:27:54,789 INFO  ~ Connection to the URL http://ipt.gbif.org/archive.do?r=test
14:27:54,867 INFO  ~ Type File : application/zip;charset=ISO-8859-1
14:27:56,720 INFO  ~ Destination: C:\tmp\resource-2\archive.do
14:27:56,720 INFO  ~ Archive successfully downloaded
14:27:56,720 INFO  ~ Extracting directory: eml.xml
14:27:56,723 INFO  ~ Extracting directory: meta.xml
14:27:56,724 INFO  ~ Extracting directory: occurrence.txt
14:27:57,420 INFO  ~ Extracting directory: image.txt
14:27:57,422 INFO  ~ Extracting directory: speciesstatus.txt
14:27:57,425 INFO  ~ Archive successfully extracted
14:27:57,425 DEBUG ~ Reading archive metadata file
14:27:57,432 DEBUG ~ Metafile contains a core file description
14:27:57,439 DEBUG ~ Metafile contains 2 described extension files
14:27:57,444 DEBUG ~ Sorting File[C:\tmp\resource-2\archiv\occurrence.txt]
14:28:03,363 DEBUG ~ File[C:\tmp\resource-2\archiv\occurrence.txt] sorted successfully using[1] parts to do sorting in secs[5]
14:28:03,363 DEBUG ~ Sorting File[C:\tmp\resource-2\archiv\image.txt]
14:28:03,415 DEBUG ~ File[C:\tmp\resource-2\archiv\image.txt] sorted successfully using[0] parts to do sorting in secs[0]
14:28:03,416 DEBUG ~ Sorting File[C:\tmp\resource-2\archiv\speciesstatus.txt]
14:28:03,447 DEBUG ~ File[C:\tmp\resource-2\archiv\speciesstatus.txt] sorted successfully using[1] parts to do sorting in secs[0]
14:28:20,656 INFO  ~ 10000 occurrences saved in database
14:28:36,058 INFO  ~ 20000 occurrences saved in database
14:28:50,359 INFO  ~ 30000 occurrences saved in database
14:29:05,033 INFO  ~ 40000 occurrences saved in database
14:29:19,596 INFO  ~ 50000 occurrences saved in database
14:29:34,362 INFO  ~ 60000 occurrences saved in database
14:29:49,114 INFO  ~ 70000 occurrences saved in database
14:30:04,955 INFO  ~ 80000 occurrences saved in database
14:30:20,089 INFO  ~ 90000 occurrences saved in database
14:30:32,125 INFO  ~ Occurrences successfully created
14:30:32,188 INFO  ~ Metadatas successfully created
